Extracting MNIST_data/train-images-idx3-ubyte.gz
Extracting MNIST_data/train-labels-idx1-ubyte.gz
Extracting MNIST_data/t10k-images-idx3-ubyte.gz
Extracting MNIST_data/t10k-labels-idx1-ubyte.gz
Epoch: 0001 cost =  18930.635384091
Epoch: 0002 cost =  13599.082087500
Epoch: 0003 cost =  11026.075832386
Epoch: 0004 cost =  10541.429688636
Epoch: 0005 cost =  9666.073333523
Epoch: 0006 cost =  9983.335034659
Epoch: 0007 cost =  8991.816444886
Epoch: 0008 cost =  8805.045097727
Epoch: 0009 cost =  9233.062505114
Epoch: 0010 cost =  8803.157682955
Epoch: 0011 cost =  8974.819972727
Epoch: 0012 cost =  7760.977801136
Epoch: 0013 cost =  8420.284867614
Epoch: 0014 cost =  8097.099370455
Epoch: 0015 cost =  8021.266081250
Epoch: 0016 cost =  7410.472972727
Epoch: 0017 cost =  8038.601927841
Epoch: 0018 cost =  8443.868215909
Epoch: 0019 cost =  8349.559495455
Epoch: 0020 cost =  8362.528800568
Total cost: 714369.9
